<?xml version="1.0" encoding="utf-8"?><testsuites name="pytest tests"><testsuite name="pytest" errors="0" failures="0" skipped="0" tests="11" time="2.052" timestamp="2026-06-28T04:42:13.309443+00:00" hostname="agent-env-e067d546-14df-47a6-a710-e75c7b120b5e"><testcase classname="tests.test_campus_chat" name="test_root" time="0.270" /><testcase classname="tests.test_campus_chat" name="test_online_count" time="0.049" /><testcase classname="tests.test_campus_chat" name="test_group_messages_list" time="0.206" /><testcase classname="tests.test_campus_chat" name="test_http_send_group_message" time="0.126" /><testcase classname="tests.test_campus_chat" name="test_friends_list" time="0.053" /><testcase classname="tests.test_campus_chat" name="test_friend_requests_list" time="0.049" /><testcase classname="tests.test_campus_chat" name="test_wall_posts_list" time="0.091" /><testcase classname="tests.test_campus_chat" name="test_user_get" time="0.072" /><testcase classname="tests.test_campus_chat" name="test_ws_group_message_with_reply_to" time="0.287" /><testcase classname="tests.test_campus_chat" name="test_ws_private_message_with_reply_to" time="0.396" /><testcase classname="tests.test_campus_chat" name="test_ws_persists_reply_to" time="0.262" /></testsuite></testsuites>